src/components/ProjectChart.tsx(1,50): error TS2307: Cannot find module '@enterprise/shared' or its corresponding type declarations.
src/components/Sidebar.tsx(10,3): error TS2305: Module '"lucide-react"' has no exported member 'Logo'.
src/components/Sidebar.tsx(10,3): error TS6133: 'Logo' is declared but its value is never read.
src/components/StatCard.tsx(10,7): error TS6133: 'colorClasses' is declared but its value is never read.
src/components/TaskChart.tsx(1,61): error TS6133: 'Legend' is declared but its value is never read.
src/contexts/AuthContext.tsx(2,22): error TS2307: Cannot find module '@enterprise/shared' or its corresponding type declarations.
src/main.tsx(8,8): error TS2613: Module '"/workspace/frontend/src/App"' has no default export. Did you mean to use 'import { App } from "/workspace/frontend/src/App"' instead?
src/pages/DashboardPage.tsx(2,32): error TS2307: Cannot find module '@enterprise/shared' or its corresponding type declarations.
src/pages/DashboardPage.tsx(12,3): error TS6133: 'TrendingUp' is declared but its value is never read.
src/pages/DashboardPage.tsx(14,3): error TS6133: 'AlertTriangle' is declared but its value is never read.
src/pages/SettingsPage.tsx(1,10): error TS6133: 'Settings' is declared but its value is never read.
src/pages/auth/LoginPage.tsx(8,10): error TS2305: Module '"lucide-react"' has no exported member 'Logo'.
src/pages/auth/LoginPage.tsx(165,44): error TS2353: Object literal may only specify known properties, and 'email' does not exist in type 'BaseSyntheticEvent<object, any, any>'.
src/pages/auth/LoginPage.tsx(174,44): error TS2353: Object literal may only specify known properties, and 'email' does not exist in type 'BaseSyntheticEvent<object, any, any>'.
src/pages/projects/ProjectsPage.tsx(4,24): error TS6133: 'Filter' is declared but its value is never read.
src/pages/projects/ProjectsPage.tsx(6,50): error TS2307: Cannot find module '@enterprise/shared' or its corresponding type declarations.
src/pages/projects/ProjectsPage.tsx(143,45): error TS7053: Element implicitly has an 'any' type because expression of type 'any' can't be used to index type '{ LOW: string; MEDIUM: string; HIGH: string; CRITICAL: string; }'.
src/pages/projects/ProjectsPage.tsx(156,47): error TS7053: Element implicitly has an 'any' type because expression of type 'any' can't be used to index type '{ PLANNING: string; IN_PROGRESS: string; ON_HOLD: string; COMPLETED: string; CANCELLED: string; }'.
src/pages/tasks/TaskDetailPage.tsx(2,27): error TS6133: 'User' is declared but its value is never read.
src/pages/tasks/TaskDetailPage.tsx(2,33): error TS6133: 'Calendar' is declared but its value is never read.
src/pages/tasks/TaskDetailPage.tsx(2,43): error TS6133: 'Clock' is declared but its value is never read.
src/pages/tasks/TasksPage.tsx(6,44): error TS2307: Cannot find module '@enterprise/shared' or its corresponding type declarations.
src/pages/tasks/TasksPage.tsx(127,16): error TS2304: Cannot find name 'CheckSquare'.
src/pages/tasks/TasksPage.tsx(190,49): error TS7053: Element implicitly has an 'any' type because expression of type 'any' can't be used to index type '{ TODO: string; IN_PROGRESS: string; IN_REVIEW: string; DONE: string; BLOCKED: string; }'.
src/pages/tasks/TasksPage.tsx(195,49): error TS7053: Element implicitly has an 'any' type because expression of type 'any' can't be used to index type '{ LOW: string; MEDIUM: string; HIGH: string; CRITICAL: string; }'.
src/pages/teams/TeamDetailPage.tsx(2,27): error TS6133: 'Users' is declared but its value is never read.
src/pages/teams/TeamsPage.tsx(1,1): error TS6133: 'Link' is declared but its value is never read.
src/services/apiClient.ts(4,34): error TS2339: Property 'env' does not exist on type 'ImportMeta'.
src/services/authService.ts(1,52): error TS2307: Cannot find module '@enterprise/shared' or its corresponding type declarations.
src/services/dashboardService.ts(1,59): error TS2307: Cannot find module '@enterprise/shared' or its corresponding type declarations.
src/services/projectService.ts(1,73): error TS2307: Cannot find module '@enterprise/shared' or its corresponding type declarations.
src/services/taskService.ts(1,67): error TS2307: Cannot find module '@enterprise/shared' or its corresponding type declarations.
