src/middleware/audit.ts(18,5): error TS2322: Type '(...args: unknown[]) => void' is not assignable to type '{ (cb?: (() => void) | undefined): Response<any, Record<string, any>>; (chunk: any, cb?: (() => void) | undefined): Response<any, Record<string, any>>; (chunk: any, encoding: BufferEncoding, cb?: (() => void) | undefined): Response<...>; }'.
src/middleware/audit.ts(35,30): error TS2345: Argument of type 'unknown[]' is not assignable to parameter of type '[chunk: any, encoding: BufferEncoding, cb?: (() => void) | undefined]'.
src/middleware/security.ts(244,7): error TS2322: Type 'Response<any, Record<string, any>>' is not assignable to type 'void'.
src/middleware/validation.ts(57,7): error TS2322: Type 'T' is not assignable to type 'ParsedQs'.
src/middleware/validation.ts(97,7): error TS2322: Type 'T' is not assignable to type 'ParamsDictionary'.
src/routes/auth.ts(42,5): error TS2322: Type '"DEVELOPER"' is not assignable to type 'UserRole'.
src/routes/projects.ts(48,31): error TS2345: Argument of type 'ObjectSchema<any>' is not assignable to parameter of type 'ZodType<unknown, ZodTypeDef, unknown>'.
src/routes/tasks.ts(51,31): error TS2345: Argument of type 'ObjectSchema<any>' is not assignable to parameter of type 'ZodType<unknown, ZodTypeDef, unknown>'.
src/services/TaskService.ts(173,36): error TS2367: This comparison appears to be unintentional because the types '"IN_PROGRESS" | "TODO" | "IN_REVIEW" | "BLOCKED"' and '"DONE"' have no overlap.
src/services/UserService.ts(2,61): error TS6059: File '/workspace/shared/src/index.ts' is not under 'rootDir' '/workspace/backend/src'. 'rootDir' is expected to contain all source files.
src/services/UserService.ts(47,9): error TS2741: Property 'passwordHash' is missing in type '{ id: string; createdAt: Date; updatedAt: Date; email: string; firstName: string; lastName: string; role: UserRole; avatar: string | null; isActive: boolean; lastLoginAt: Date | null; }' but required in type '{ id: string; createdAt: Date; updatedAt: Date; email: string; firstName: string; lastName: string; role: UserRole; avatar: string | null; isActive: boolean; passwordHash: string; lastLoginAt: Date | null; }'.
src/services/UserService.ts(79,9): error TS2741: Property 'passwordHash' is missing in type '{ id: string; createdAt: Date; updatedAt: Date; email: string; firstName: string; lastName: string; role: UserRole; avatar: string | null; isActive: boolean; lastLoginAt: Date | null; }' but required in type '{ id: string; createdAt: Date; updatedAt: Date; email: string; firstName: string; lastName: string; role: UserRole; avatar: string | null; isActive: boolean; passwordHash: string; lastLoginAt: Date | null; }'.
src/services/UserService.ts(156,9): error TS2741: Property 'passwordHash' is missing in type '{ id: string; createdAt: Date; updatedAt: Date; email: string; firstName: string; lastName: string; role: UserRole; avatar: string | null; isActive: boolean; lastLoginAt: Date | null; }' but required in type '{ id: string; createdAt: Date; updatedAt: Date; email: string; firstName: string; lastName: string; role: UserRole; avatar: string | null; isActive: boolean; passwordHash: string; lastLoginAt: Date | null; }'.
../shared/src/index.ts(1,15): error TS6059: File '/workspace/shared/src/types/index.ts' is not under 'rootDir' '/workspace/backend/src'. 'rootDir' is expected to contain all source files.
