backend/src/app.ts(1,21): error TS2307: Cannot find module 'express' or its corresponding type declarations.
backend/src/app.ts(2,18): error TS2307: Cannot find module 'cors' or its corresponding type declarations.
backend/src/app.ts(3,20): error TS2307: Cannot find module 'helmet' or its corresponding type declarations.
backend/src/app.ts(4,20): error TS2307: Cannot find module 'morgan' or its corresponding type declarations.
backend/src/app.ts(5,25): error TS2307: Cannot find module 'compression' or its corresponding type declarations.
backend/src/app.ts(6,23): error TS2307: Cannot find module 'express-rate-limit' or its corresponding type declarations.
backend/src/app.ts(7,30): error TS2307: Cannot find module '@prisma/client' or its corresponding type declarations.
backend/src/app.ts(8,30): error TS2307: Cannot find module '@/middleware/errorHandler' or its corresponding type declarations.
backend/src/app.ts(9,24): error TS2307: Cannot find module '@/utils/logger' or its corresponding type declarations.
backend/src/app.ts(12,24): error TS2307: Cannot find module '@/routes/auth' or its corresponding type declarations.
backend/src/app.ts(13,24): error TS2307: Cannot find module '@/routes/users' or its corresponding type declarations.
backend/src/app.ts(14,27): error TS2307: Cannot find module '@/routes/projects' or its corresponding type declarations.
backend/src/app.ts(15,24): error TS2307: Cannot find module '@/routes/tasks' or its corresponding type declarations.
backend/src/app.ts(16,24): error TS2307: Cannot find module '@/routes/teams' or its corresponding type declarations.
backend/src/app.ts(17,29): error TS2307: Cannot find module '@/routes/dashboard' or its corresponding type declarations.
backend/src/app.ts(39,49): error TS7006: Parameter 'message' implicitly has an 'any' type.
backend/src/app.ts(44,23): error TS7006: Parameter 'req' implicitly has an 'any' type.
backend/src/app.ts(44,28): error TS7006: Parameter 'res' implicitly has an 'any' type.
backend/src/app.ts(57,25): error TS7006: Parameter 'req' implicitly has an 'any' type.
backend/src/app.ts(57,30): error TS7006: Parameter 'res' implicitly has an 'any' type.
backend/src/app.ts(74,17): error TS7006: Parameter 'req' implicitly has an 'any' type.
backend/src/app.ts(74,22): error TS7006: Parameter 'res' implicitly has an 'any' type.
backend/src/controllers/UserController.ts(1,49): error TS2307: Cannot find module 'express' or its corresponding type declarations.
backend/src/controllers/UserController.ts(2,29): error TS2307: Cannot find module '@/services/UserService' or its corresponding type declarations.
backend/src/controllers/UserController.ts(3,30): error TS2307: Cannot find module '@/middleware/errorHandler' or its corresponding type declarations.
backend/src/index.ts(1,20): error TS2307: Cannot find module 'dotenv' or its corresponding type declarations.
backend/src/index.ts(2,30): error TS2307: Cannot find module '@prisma/client' or its corresponding type declarations.
backend/src/index.ts(4,24): error TS2307: Cannot find module '@/utils/logger' or its corresponding type declarations.
backend/src/index.ts(19,21): error TS7006: Parameter 'e' implicitly has an 'any' type.
backend/src/index.ts(25,21): error TS7006: Parameter 'e' implicitly has an 'any' type.
backend/src/index.ts(29,20): error TS7006: Parameter 'e' implicitly has an 'any' type.
backend/src/middleware/audit.ts(6,49): error TS2307: Cannot find module 'express' or its corresponding type declarations.
backend/src/middleware/circuitBreaker.ts(6,37): error TS2307: Cannot find module '@enterprise/shared/types/errors' or its corresponding type declarations.
backend/src/middleware/errorHandler.ts(6,49): error TS2307: Cannot find module 'express' or its corresponding type declarations.
backend/src/middleware/errorHandler.ts(14,8): error TS2307: Cannot find module '@enterprise/shared/types/errors' or its corresponding type declarations.
backend/src/middleware/security.ts(6,49): error TS2307: Cannot find module 'express' or its corresponding type declarations.
backend/src/middleware/security.ts(7,23): error TS2307: Cannot find module 'express-rate-limit' or its corresponding type declarations.
backend/src/middleware/security.ts(8,20): error TS2307: Cannot find module 'helmet' or its corresponding type declarations.
backend/src/middleware/security.ts(9,18): error TS2307: Cannot find module 'cors' or its corresponding type declarations.
backend/src/middleware/security.ts(10,32): error TS2307: Cannot find module '@enterprise/shared/types/errors' or its corresponding type declarations.
backend/src/middleware/validation.ts(6,49): error TS2307: Cannot find module 'express' or its corresponding type declarations.
backend/src/middleware/validation.ts(8,33): error TS2307: Cannot find module '@enterprise/shared/types/errors' or its corresponding type declarations.
backend/src/middleware/validation.ts(176,17): error TS2307: Cannot find module 'joi' or its corresponding type declarations.
backend/src/middleware/validation.ts(184,41): error TS7006: Parameter 'detail' implicitly has an 'any' type.
backend/src/routes/auth.ts(1,24): error TS2307: Cannot find module 'express' or its corresponding type declarations.
backend/src/routes/auth.ts(2,29): error TS2307: Cannot find module '@/services/UserService' or its corresponding type declarations.
backend/src/routes/auth.ts(3,43): error TS2307: Cannot find module '@/middleware/errorHandler' or its corresponding type declarations.
backend/src/routes/auth.ts(4,26): error TS2307: Cannot find module '@/middleware/validation' or its corresponding type declarations.
backend/src/routes/auth.ts(5,17): error TS2307: Cannot find module 'joi' or its corresponding type declarations.
backend/src/routes/auth.ts(6,20): error TS2307: Cannot find module 'bcryptjs' or its corresponding type declarations.
