Untitled-1.ts(1,1): error TS1127: Invalid character.
Untitled-1.ts(1,3): error TS1127: Invalid character.
Untitled-1.ts(1,6): error TS1109: Expression expected.
Untitled-1.ts(1,19): error TS1005: ';' expected.
Untitled-1.ts(1,24): error TS1434: Unexpected keyword or identifier.
Untitled-1.ts(1,30): error TS1434: Unexpected keyword or identifier.
Untitled-1.ts(3,1): error TS1127: Invalid character.
Untitled-1.ts(3,2): error TS1127: Invalid character.
Untitled-1.ts(3,4): error TS1005: ';' expected.
Untitled-1.ts(3,17): error TS1005: ';' expected.
Untitled-1.ts(3,21): error TS1434: Unexpected keyword or identifier.
Untitled-1.ts(60,1): error TS1127: Invalid character.
Untitled-1.ts(60,2): error TS1127: Invalid character.
Untitled-1.ts(60,4): error TS1005: ';' expected.
Untitled-1.ts(60,21): error TS1005: ';' expected.
Untitled-1.ts(100,29): error TS1005: ';' expected.
Untitled-1.ts(100,36): error TS1005: ';' expected.
Untitled-1.ts(100,43): error TS1005: ';' expected.
Untitled-1.ts(100,53): error TS1005: ';' expected.
Untitled-1.ts(100,67): error TS1005: ';' expected.
Untitled-1.ts(100,87): error TS1005: ';' expected.
Untitled-1.ts(138,29): error TS1005: ';' expected.
Untitled-1.ts(138,42): error TS1005: ';' expected.
Untitled-1.ts(138,49): error TS1005: ';' expected.
Untitled-1.ts(138,61): error TS1005: ';' expected.
Untitled-1.ts(138,75): error TS1005: ';' expected.
Untitled-1.ts(138,88): error TS1005: ';' expected.
Untitled-1.ts(162,1): error TS1127: Invalid character.
Untitled-1.ts(162,2): error TS1127: Invalid character.
Untitled-1.ts(162,4): error TS1005: ';' expected.
Untitled-1.ts(162,18): error TS1005: ';' expected.
Untitled-1.ts(162,32): error TS1005: ';' expected.
Untitled-1.ts(212,1): error TS1127: Invalid character.
Untitled-1.ts(212,2): error TS1127: Invalid character.
Untitled-1.ts(212,4): error TS1005: ';' expected.
Untitled-1.ts(212,15): error TS1005: ';' expected.
Untitled-1.ts(234,22): error TS1005: ';' expected.
Untitled-1.ts(234,46): error TS1109: Expression expected.
Untitled-1.ts(235,21): error TS1005: ';' expected.
Untitled-1.ts(235,45): error TS1109: Expression expected.
Untitled-1.ts(361,1): error TS1127: Invalid character.
Untitled-1.ts(361,2): error TS1127: Invalid character.
Untitled-1.ts(361,4): error TS1005: ';' expected.
Untitled-1.ts(361,21): error TS1005: ';' expected.
Untitled-1.ts(527,1): error TS1127: Invalid character.
Untitled-1.ts(527,2): error TS1127: Invalid character.
Untitled-1.ts(527,4): error TS1005: ';' expected.
Untitled-1.ts(527,20): error TS1005: ';' expected.
Untitled-1.ts(664,1): error TS1127: Invalid character.
Untitled-1.ts(664,2): error TS1127: Invalid character.
