src/pages/auth/LoginPage.tsx(166,42): error TS2345: Argument of type '{ email: string; password: string; }' is not assignable to parameter of type 'BaseSyntheticEvent<object, any, any>'.
  Type '{ email: string; password: string; }' is missing the following properties from type 'BaseSyntheticEvent<object, any, any>': nativeEvent, currentTarget, target, bubbles, and 11 more.
src/pages/auth/LoginPage.tsx(176,42): error TS2345: Argument of type '{ email: string; password: string; }' is not assignable to parameter of type 'BaseSyntheticEvent<object, any, any>'.
  Type '{ email: string; password: string; }' is missing the following properties from type 'BaseSyntheticEvent<object, any, any>': nativeEvent, currentTarget, target, bubbles, and 11 more.
src/pages/projects/ProjectsPage.tsx(4,24): error TS6133: 'Filter' is declared but its value is never read.
src/pages/tasks/TaskDetailPage.tsx(2,27): error TS6133: 'User' is declared but its value is never read.
src/pages/tasks/TaskDetailPage.tsx(2,33): error TS6133: 'Calendar' is declared but its value is never read.
src/pages/tasks/TaskDetailPage.tsx(2,43): error TS6133: 'Clock' is declared but its value is never read.
src/pages/teams/TeamDetailPage.tsx(2,27): error TS6133: 'Users' is declared but its value is never read.
src/pages/teams/TeamsPage.tsx(1,1): error TS6133: 'Link' is declared but its value is never read.
