src/middleware/audit.ts(18,5): error TS2322: Type '(this: Response, ...args: any[]) => void' is not assignable to type '{ (cb?: (() => void) | undefined): Response<any, Record<string, any>>; (chunk: any, cb?: (() => void) | undefined): Response<any, Record<string, any>>; (chunk: any, encoding: BufferEncoding, cb?: (() => void) | undefined): Response<...>; }'.
src/routes/auth.ts(42,5): error TS2322: Type '"DEVELOPER"' is not assignable to type 'UserRole'.
src/services/UserService.ts(50,9): error TS2741: Property 'passwordHash' is missing in type '{ id: string; createdAt: Date; updatedAt: Date; email: string; firstName: string; lastName: string; role: UserRole; avatar: string | null; isActive: boolean; lastLoginAt: Date | null; }' but required in type '{ id: string; createdAt: Date; updatedAt: Date; email: string; firstName: string; lastName: string; role: UserRole; avatar: string | null; isActive: boolean; passwordHash: string; lastLoginAt: Date | null; }'.
src/services/UserService.ts(82,9): error TS2741: Property 'passwordHash' is missing in type '{ id: string; createdAt: Date; updatedAt: Date; email: string; firstName: string; lastName: string; role: UserRole; avatar: string | null; isActive: boolean; lastLoginAt: Date | null; }' but required in type '{ id: string; createdAt: Date; updatedAt: Date; email: string; firstName: string; lastName: string; role: UserRole; avatar: string | null; isActive: boolean; passwordHash: string; lastLoginAt: Date | null; }'.
src/services/UserService.ts(159,9): error TS2741: Property 'passwordHash' is missing in type '{ id: string; createdAt: Date; updatedAt: Date; email: string; firstName: string; lastName: string; role: UserRole; avatar: string | null; isActive: boolean; lastLoginAt: Date | null; }' but required in type '{ id: string; createdAt: Date; updatedAt: Date; email: string; firstName: string; lastName: string; role: UserRole; avatar: string | null; isActive: boolean; passwordHash: string; lastLoginAt: Date | null; }'.
