src/components/Sidebar.tsx(10,3): error TS2305: Module '"lucide-react"' has no exported member 'Logo'.
src/components/Sidebar.tsx(10,3): error TS6133: 'Logo' is declared but its value is never read.
src/components/StatCard.tsx(10,7): error TS6133: 'colorClasses' is declared but its value is never read.
src/components/TaskChart.tsx(1,61): error TS6133: 'Legend' is declared but its value is never read.
src/contexts/AuthContext.tsx(90,51): error TS2345: Argument of type '{ email: string; firstName: string; lastName: string; password: string; }' is not assignable to parameter of type 'CreateUserInput'.
src/main.tsx(8,8): error TS2613: Module '"/workspace/frontend/src/App"' has no default export. Did you mean to use 'import { App } from "/workspace/frontend/src/App"' instead?
src/pages/DashboardPage.tsx(12,3): error TS6133: 'TrendingUp' is declared but its value is never read.
src/pages/DashboardPage.tsx(14,3): error TS6133: 'AlertTriangle' is declared but its value is never read.
src/pages/SettingsPage.tsx(1,10): error TS6133: 'Settings' is declared but its value is never read.
src/pages/auth/LoginPage.tsx(8,10): error TS2305: Module '"lucide-react"' has no exported member 'Logo'.
src/pages/auth/LoginPage.tsx(165,44): error TS2353: Object literal may only specify known properties, and 'email' does not exist in type 'BaseSyntheticEvent<object, any, any>'.
src/pages/auth/LoginPage.tsx(174,44): error TS2353: Object literal may only specify known properties, and 'email' does not exist in type 'BaseSyntheticEvent<object, any, any>'.
src/pages/projects/ProjectDetailPage.tsx(81,34): error TS2551: Property 'owner' does not exist on type 'Project'. Did you mean 'ownerId'?
src/pages/projects/ProjectDetailPage.tsx(81,61): error TS2551: Property 'owner' does not exist on type 'Project'. Did you mean 'ownerId'?
src/pages/projects/ProjectDetailPage.tsx(102,69): error TS2339: Property '_count' does not exist on type 'Project'.
src/pages/projects/ProjectDetailPage.tsx(116,24): error TS2339: Property 'tasks' does not exist on type 'Project'.
src/pages/projects/ProjectDetailPage.tsx(116,41): error TS2339: Property 'tasks' does not exist on type 'Project'.
src/pages/projects/ProjectDetailPage.tsx(118,28): error TS2339: Property 'tasks' does not exist on type 'Project'.
src/pages/projects/ProjectsPage.tsx(4,24): error TS6133: 'Filter' is declared but its value is never read.
src/pages/projects/ProjectsPage.tsx(164,32): error TS2339: Property '_count' does not exist on type 'Project'.
src/pages/projects/ProjectsPage.tsx(171,32): error TS2551: Property 'owner' does not exist on type 'Project'. Did you mean 'ownerId'?
src/pages/projects/ProjectsPage.tsx(171,59): error TS2551: Property 'owner' does not exist on type 'Project'. Did you mean 'ownerId'?
src/pages/tasks/TaskDetailPage.tsx(2,27): error TS6133: 'User' is declared but its value is never read.
src/pages/tasks/TaskDetailPage.tsx(2,33): error TS6133: 'Calendar' is declared but its value is never read.
src/pages/tasks/TaskDetailPage.tsx(2,43): error TS6133: 'Clock' is declared but its value is never read.
src/pages/tasks/TasksPage.tsx(127,16): error TS2304: Cannot find name 'CheckSquare'.
src/pages/tasks/TasksPage.tsx(167,47): error TS2551: Property 'project' does not exist on type 'Task'. Did you mean 'projectId'?
src/pages/tasks/TasksPage.tsx(170,31): error TS2551: Property 'project' does not exist on type 'Task'. Did you mean 'projectId'?
src/pages/tasks/TasksPage.tsx(174,29): error TS2551: Property 'assignee' does not exist on type 'Task'. Did you mean 'assigneeId'?
src/pages/tasks/TasksPage.tsx(178,37): error TS2551: Property 'assignee' does not exist on type 'Task'. Did you mean 'assigneeId'?
src/pages/tasks/TasksPage.tsx(178,67): error TS2551: Property 'assignee' does not exist on type 'Task'. Did you mean 'assigneeId'?
src/pages/tasks/TasksPage.tsx(182,35): error TS2551: Property 'assignee' does not exist on type 'Task'. Did you mean 'assigneeId'?
src/pages/tasks/TasksPage.tsx(182,61): error TS2551: Property 'assignee' does not exist on type 'Task'. Did you mean 'assigneeId'?
src/pages/teams/TeamDetailPage.tsx(2,27): error TS6133: 'Users' is declared but its value is never read.
src/pages/teams/TeamsPage.tsx(1,1): error TS6133: 'Link' is declared but its value is never read.
src/services/apiClient.ts(4,34): error TS2339: Property 'env' does not exist on type 'ImportMeta'.
src/services/authService.ts(7,5): error TS2322: Type 'unknown' is not assignable to type 'ApiResponse<{ user: User; token: string; }>'.
src/services/authService.ts(12,5): error TS2322: Type 'unknown' is not assignable to type 'ApiResponse<{ user: User; token: string; }>'.
src/services/authService.ts(19,5): error TS2322: Type 'unknown' is not assignable to type 'ApiResponse<{ user: User; token: string; }>'.
src/services/dashboardService.ts(7,5): error TS2322: Type 'unknown' is not assignable to type 'ApiResponse<DashboardStats>'.
src/services/dashboardService.ts(12,5): error TS2322: Type 'unknown' is not assignable to type 'ApiResponse<ProjectChart[]>'.
src/services/dashboardService.ts(17,5): error TS2322: Type 'unknown' is not assignable to type 'ApiResponse<any>'.
src/services/dashboardService.ts(22,5): error TS2322: Type 'unknown' is not assignable to type 'ApiResponse<any>'.
src/services/projectService.ts(7,5): error TS2322: Type 'unknown' is not assignable to type 'PaginatedResponse<Project>'.
src/services/projectService.ts(12,5): error TS2322: Type 'unknown' is not assignable to type 'ApiResponse<Project>'.
src/services/projectService.ts(17,5): error TS2322: Type 'unknown' is not assignable to type 'ApiResponse<Project>'.
src/services/projectService.ts(22,5): error TS2322: Type 'unknown' is not assignable to type 'ApiResponse<Project>'.
src/services/projectService.ts(27,5): error TS2322: Type 'unknown' is not assignable to type 'ApiResponse<null>'.
src/services/projectService.ts(32,5): error TS2322: Type 'unknown' is not assignable to type 'ApiResponse<any>'.
src/services/taskService.ts(7,5): error TS2322: Type 'unknown' is not assignable to type 'PaginatedResponse<Task>'.
src/services/taskService.ts(12,5): error TS2322: Type 'unknown' is not assignable to type 'ApiResponse<Task>'.
src/services/taskService.ts(17,5): error TS2322: Type 'unknown' is not assignable to type 'ApiResponse<Task>'.
src/services/taskService.ts(22,5): error TS2322: Type 'unknown' is not assignable to type 'ApiResponse<Task>'.
src/services/taskService.ts(27,5): error TS2322: Type 'unknown' is not assignable to type 'ApiResponse<null>'.
